This file contains any messages produced by compilers while
running configure, to aid debugging if configure makes a mistake.

It was created by ortp configure 0.24.1, which was
generated by GNU Autoconf 2.69.  Invocation command line was

  $ ./configure --host=arm-linux --prefix=/opt/ortp

## --------- ##
## Platform. ##
## --------- ##

hostname = wang-virtual-machine
uname -m = i686
uname -r = 3.2.0-67-generic-pae
uname -s = Linux
uname -v = #101-Ubuntu SMP Tue Jul 15 18:04:54 UTC 2014

/usr/bin/uname -p = unknown
/bin/uname -X     = unknown

/bin/arch              = unknown
/usr/bin/arch -k       = unknown
/usr/convex/getsysinfo = unknown
/usr/bin/hostinfo      = unknown
/bin/machine           = unknown
/usr/bin/oslevel       = unknown
/bin/universe          = unknown

PATH: /usr/local/sbin
PATH: /usr/local/bin
PATH: /usr/sbin
PATH: /usr/bin
PATH: /sbin
PATH: /bin
PATH: /usr/games
PATH: /opt/FriendlyARM/toolschain/4.5.1/bin
PATH: /opt/FriendlyARM/toolschain/4.5.1/bin
PATH: /usr/local/arm/gdb/bin


## ----------- ##
## Core tests. ##
## ----------- ##

configure:2304: checking build system type
configure:2318: result: i686-pc-linux-gnu
configure:2338: checking host system type
configure:2351: result: arm-unknown-linux-gnu
configure:2371: checking target system type
configure:2384: result: arm-unknown-linux-gnu
configure:2458: checking for a BSD-compatible install
configure:2526: result: /usr/bin/install -c
configure:2537: checking whether build environment is sane
configure:2592: result: yes
configure:2651: checking for arm-linux-strip
configure:2667: found /opt/FriendlyARM/toolschain/4.5.1/bin/arm-linux-strip
configure:2678: result: arm-linux-strip
configure:2743: checking for a thread-safe mkdir -p
configure:2782: result: /bin/mkdir -p
configure:2789: checking for gawk
configure:2819: result: no
configure:2789: checking for mawk
configure:2805: found /usr/bin/mawk
configure:2816: result: mawk
configure:2827: checking whether make sets $(MAKE)
configure:2849: result: yes
configure:2878: checking whether make supports nested variables
configure:2895: result: yes
configure:2984: checking whether UID '0' is supported by ustar format
configure:2987: result: yes
configure:2994: checking whether GID '0' is supported by ustar format
configure:2997: result: yes
configure:3005: checking how to create a ustar tar archive
configure:3016: tar --version
tar (GNU tar) 1.26
Copyright (C) 2011 Free Software Foundation, Inc.
License GPLv3+: GNU GPL version 3 or later <http://gnu.org/licenses/gpl.html>.
This is free software: you are free to change and redistribute it.
There is NO WARRANTY, to the extent permitted by law.

Written by John Gilmore and Jay Fenlason.
configure:3019: $? = 0
configure:3059: tardir=conftest.dir && eval tar --format=ustar -chf - "$tardir" >conftest.tar
configure:3062: $? = 0
configure:3066: tar -xf - <conftest.tar
configure:3069: $? = 0
configure:3071: cat conftest.dir/file
GrepMe
configure:3074: $? = 0
configure:3087: result: gnutar
configure:3148: checking whether make supports nested variables
configure:3165: result: yes
configure:3210: checking for arm-linux-gcc
configure:3226: found /opt/FriendlyARM/toolschain/4.5.1/bin/arm-linux-gcc
configure:3237: result: arm-linux-gcc
configure:3506: checking for C compiler version
configure:3515: arm-linux-gcc --version >&5
arm-linux-gcc (ctng-1.8.1-FA) 4.5.1
Copyright (C) 2010 Free Software Foundation, Inc.
This is free software; see the source for copying conditions.  There is NO
warranty; not even for MERCHANTABILITY or FITNESS FOR A PARTICULAR PURPOSE.

configure:3526: $? = 0
configure:3515: arm-linux-gcc -v >&5
Using built-in specs.
COLLECT_GCC=arm-linux-gcc
COLLECT_LTO_WRAPPER=/opt/FriendlyARM/toolschain/4.5.1/libexec/gcc/arm-none-linux-gnueabi/4.5.1/lto-wrapper
Target: arm-none-linux-gnueabi
Configured with: /work/toolchain/build/src/gcc-4.5.1/configure --build=i686-build_pc-linux-gnu --host=i686-build_pc-linux-gnu --target=arm-none-linux-gnueabi --prefix=/opt/FriendlyARM/toolschain/4.5.1 --with-sysroot=/opt/FriendlyARM/toolschain/4.5.1/arm-none-linux-gnueabi/sys-root --enable-languages=c,c++ --disable-multilib --with-cpu=arm1176jzf-s --with-tune=arm1176jzf-s --with-fpu=vfp --with-float=softfp --with-pkgversion=ctng-1.8.1-FA --with-bugurl=http://www.arm9.net/ --disable-sjlj-exceptions --enable-__cxa_atexit --disable-libmudflap --with-host-libstdcxx='-static-libgcc -Wl,-Bstatic,-lstdc++,-Bdynamic -lm' --with-gmp=/work/toolchain/build/arm-none-linux-gnueabi/build/static --with-mpfr=/work/toolchain/build/arm-none-linux-gnueabi/build/static --with-ppl=/work/toolchain/build/arm-none-linux-gnueabi/build/static --with-cloog=/work/toolchain/build/arm-none-linux-gnueabi/build/static --with-mpc=/work/toolchain/build/arm-none-linux-gnueabi/build/static --with-libelf=/work/toolchain/build/arm-none-linux-gnueabi/build/static --enable-threads=posix --with-local-prefix=/opt/FriendlyARM/toolschain/4.5.1/arm-none-linux-gnueabi/sys-root --disable-nls --enable-symvers=gnu --enable-c99 --enable-long-long
Thread model: posix
gcc version 4.5.1 (ctng-1.8.1-FA) 
configure:3526: $? = 0
configure:3515: arm-linux-gcc -V >&5
arm-linux-gcc: '-V' option must have argument
configure:3526: $? = 1
configure:3515: arm-linux-gcc -qversion >&5
arm-linux-gcc: unrecognized option '-qversion'
arm-linux-gcc: no input files
configure:3526: $? = 1
configure:3546: checking whether the C compiler works
configure:3568: arm-linux-gcc    conftest.c  >&5
configure:3572: $? = 0
configure:3620: result: yes
configure:3623: checking for C compiler default output file name
configure:3625: result: a.out
configure:3631: checking for suffix of executables
configure:3638: arm-linux-gcc -o conftest    conftest.c  >&5
configure:3642: $? = 0
configure:3664: result: 
configure:3686: checking whether we are cross compiling
configure:3694: arm-linux-gcc -o conftest    conftest.c  >&5
configure:3698: $? = 0
configure:3705: ./conftest
./configure: line 3707: ./conftest: cannot execute binary file
configure:3709: $? = 126
configure:3724: result: yes
configure:3729: checking for suffix of object files
configure:3751: arm-linux-gcc -c   conftest.c >&5
configure:3755: $? = 0
configure:3776: result: o
configure:3780: checking whether we are using the GNU C compiler
configure:3799: arm-linux-gcc -c   conftest.c >&5
configure:3799: $? = 0
configure:3808: result: yes
configure:3817: checking whether arm-linux-gcc accepts -g
configure:3837: arm-linux-gcc -c -g  conftest.c >&5
configure:3837: $? = 0
configure:3878: result: yes
configure:3895: checking for arm-linux-gcc option to accept ISO C89
configure:3958: arm-linux-gcc  -c -g -O2  conftest.c >&5
configure:3958: $? = 0
configure:3971: result: none needed
configure:3996: checking whether arm-linux-gcc understands -c and -o together
configure:4018: arm-linux-gcc -c conftest.c -o conftest2.o
configure:4021: $? = 0
configure:4018: arm-linux-gcc -c conftest.c -o conftest2.o
configure:4021: $? = 0
configure:4033: result: yes
configure:4061: checking for style of include used by make
configure:4089: result: GNU
configure:4115: checking dependency style of arm-linux-gcc
configure:4226: result: gcc3
configure:4287: checking how to print strings
configure:4314: result: printf
configure:4335: checking for a sed that does not truncate output
configure:4399: result: /bin/sed
configure:4417: checking for grep that handles long lines and -e
configure:4475: result: /bin/grep
configure:4480: checking for egrep
configure:4542: result: /bin/grep -E
configure:4547: checking for fgrep
configure:4609: result: /bin/grep -F
configure:4644: checking for ld used by arm-linux-gcc
configure:4711: result: /opt/FriendlyARM/toolschain/4.5.1/arm-none-linux-gnueabi/bin/ld
configure:4718: checking if the linker (/opt/FriendlyARM/toolschain/4.5.1/arm-none-linux-gnueabi/bin/ld) is GNU ld
configure:4733: result: yes
configure:4745: checking for BSD- or MS-compatible name lister (nm)
configure:4799: result: /opt/FriendlyARM/toolschain/4.5.1/bin/arm-linux-nm -B
configure:4929: checking the name lister (/opt/FriendlyARM/toolschain/4.5.1/bin/arm-linux-nm -B) interface
configure:4936: arm-linux-gcc -c -g -O2  conftest.c >&5
configure:4939: /opt/FriendlyARM/toolschain/4.5.1/bin/arm-linux-nm -B "conftest.o"
configure:4942: output
00000000 B some_variable
configure:4949: result: BSD nm
configure:4952: checking whether ln -s works
configure:4956: result: yes
configure:4964: checking the maximum length of command line arguments
configure:5095: result: 1572864
configure:5143: checking how to convert i686-pc-linux-gnu file names to arm-unknown-linux-gnu format
configure:5183: result: func_convert_file_noop
configure:5190: checking how to convert i686-pc-linux-gnu file names to toolchain format
configure:5210: result: func_convert_file_noop
configure:5217: checking for /opt/FriendlyARM/toolschain/4.5.1/arm-none-linux-gnueabi/bin/ld option to reload object files
configure:5224: result: -r
configure:5258: checking for arm-linux-objdump
configure:5274: found /opt/FriendlyARM/toolschain/4.5.1/bin/arm-linux-objdump
configure:5285: result: arm-linux-objdump
configure:5354: checking how to recognize dependent libraries
configure:5554: result: pass_all
configure:5599: checking for arm-linux-dlltool
configure:5629: result: no
configure:5639: checking for dlltool
configure:5669: result: no
configure:5696: checking how to associate runtime and link libraries
configure:5723: result: printf %s\n
configure:5740: checking for arm-linux-ar
configure:5756: found /opt/FriendlyARM/toolschain/4.5.1/bin/arm-linux-ar
configure:5767: result: arm-linux-ar
configure:5848: checking for archiver @FILE support
configure:5865: arm-linux-gcc -c -g -O2  conftest.c >&5
configure:5865: $? = 0
configure:5868: arm-linux-ar cru libconftest.a @conftest.lst >&5
configure:5871: $? = 0
configure:5876: arm-linux-ar cru libconftest.a @conftest.lst >&5
arm-linux-ar: conftest.o: No such file or directory
configure:5879: $? = 1
configure:5891: result: @
configure:5909: checking for arm-linux-strip
configure:5936: result: arm-linux-strip
configure:6008: checking for arm-linux-ranlib
configure:6024: found /opt/FriendlyARM/toolschain/4.5.1/bin/arm-linux-ranlib
configure:6035: result: arm-linux-ranlib
configure:6177: checking command to parse /opt/FriendlyARM/toolschain/4.5.1/bin/arm-linux-nm -B output from arm-linux-gcc object
configure:6330: arm-linux-gcc -c -g -O2  conftest.c >&5
configure:6333: $? = 0
configure:6337: /opt/FriendlyARM/toolschain/4.5.1/bin/arm-linux-nm -B conftest.o \| sed -n -e 's/^.*[ ]\([ABCDGIRSTW][ABCDGIRSTW]*\)[ ][ ]*\([_A-Za-z][_A-Za-z0-9]*\)$/\1 \2 \2/p' | sed '/ __gnu_lto/d' \> conftest.nm
configure:6340: $? = 0
configure:6406: arm-linux-gcc -o conftest -g -O2   conftest.c conftstm.o >&5
configure:6409: $? = 0
configure:6447: result: ok
configure:6494: checking for sysroot
configure:6524: result: no
configure:6531: checking for a working dd
configure:6569: result: /bin/dd
configure:6573: checking how to truncate binary pipes
configure:6588: result: /bin/dd bs=4096 count=1
configure:6877: checking for arm-linux-mt
configure:6907: result: no
configure:6917: checking for mt
configure:6933: found /bin/mt
configure:6944: result: mt
configure:6956: WARNING: using cross tools not prefixed with host triplet
configure:6967: checking if mt is a manifest tool
configure:6973: mt '-?'
configure:6981: result: no
configure:7658: checking how to run the C preprocessor
configure:7689: arm-linux-gcc -E  conftest.c
configure:7689: $? = 0
configure:7703: arm-linux-gcc -E  conftest.c
conftest.c:15:28: fatal error: ac_nonexistent.h: No such file or directory
compilation terminated.
configure:7703: $? = 1
configure: failed program was:
| /* confdefs.h */
| #define PACKAGE_NAME "ortp"
| #define PACKAGE_TARNAME "ortp"
| #define PACKAGE_VERSION "0.24.1"
| #define PACKAGE_STRING "ortp 0.24.1"
| #define PACKAGE_BUGREPORT ""
| #define PACKAGE_URL ""
| #define PACKAGE "ortp"
| #define VERSION "0.24.1"
| #define ORTP_MAJOR_VERSION 0
| #define ORTP_MINOR_VERSION 24
| #define ORTP_MICRO_VERSION 1
| #define ORTP_VERSION "0.24.1"
| /* end confdefs.h.  */
| #include <ac_nonexistent.h>
configure:7728: result: arm-linux-gcc -E
configure:7748: arm-linux-gcc -E  conftest.c
configure:7748: $? = 0
configure:7762: arm-linux-gcc -E  conftest.c
conftest.c:15:28: fatal error: ac_nonexistent.h: No such file or directory
compilation terminated.
configure:7762: $? = 1
configure: failed program was:
| /* confdefs.h */
| #define PACKAGE_NAME "ortp"
| #define PACKAGE_TARNAME "ortp"
| #define PACKAGE_VERSION "0.24.1"
| #define PACKAGE_STRING "ortp 0.24.1"
| #define PACKAGE_BUGREPORT ""
| #define PACKAGE_URL ""
| #define PACKAGE "ortp"
| #define VERSION "0.24.1"
| #define ORTP_MAJOR_VERSION 0
| #define ORTP_MINOR_VERSION 24
| #define ORTP_MICRO_VERSION 1
| #define ORTP_VERSION "0.24.1"
| /* end confdefs.h.  */
| #include <ac_nonexistent.h>
configure:7791: checking for ANSI C header files
configure:7811: arm-linux-gcc -c -g -O2  conftest.c >&5
configure:7811: $? = 0
configure:7895: result: yes
configure:7908: checking for sys/types.h
configure:7908: arm-linux-gcc -c -g -O2  conftest.c >&5
configure:7908: $? = 0
configure:7908: result: yes
configure:7908: checking for sys/stat.h
configure:7908: arm-linux-gcc -c -g -O2  conftest.c >&5
configure:7908: $? = 0
configure:7908: result: yes
configure:7908: checking for stdlib.h
configure:7908: arm-linux-gcc -c -g -O2  conftest.c >&5
configure:7908: $? = 0
configure:7908: result: yes
configure:7908: checking for string.h
configure:7908: arm-linux-gcc -c -g -O2  conftest.c >&5
configure:7908: $? = 0
configure:7908: result: yes
configure:7908: checking for memory.h
configure:7908: arm-linux-gcc -c -g -O2  conftest.c >&5
configure:7908: $? = 0
configure:7908: result: yes
configure:7908: checking for strings.h
configure:7908: arm-linux-gcc -c -g -O2  conftest.c >&5
configure:7908: $? = 0
configure:7908: result: yes
configure:7908: checking for inttypes.h
configure:7908: arm-linux-gcc -c -g -O2  conftest.c >&5
configure:7908: $? = 0
configure:7908: result: yes
configure:7908: checking for stdint.h
configure:7908: arm-linux-gcc -c -g -O2  conftest.c >&5
configure:7908: $? = 0
configure:7908: result: yes
configure:7908: checking for unistd.h
configure:7908: arm-linux-gcc -c -g -O2  conftest.c >&5
configure:7908: $? = 0
configure:7908: result: yes
configure:7922: checking for dlfcn.h
configure:7922: arm-linux-gcc -c -g -O2  conftest.c >&5
configure:7922: $? = 0
configure:7922: result: yes
configure:8474: checking for objdir
configure:8489: result: .libs
configure:8753: checking if arm-linux-gcc supports -fno-rtti -fno-exceptions
configure:8771: arm-linux-gcc -c -g -O2  -fno-rtti -fno-exceptions conftest.c >&5
cc1: warning: command line option "-fno-rtti" is valid for C++/ObjC++ but not for C
configure:8775: $? = 0
configure:8788: result: no
configure:9146: checking for arm-linux-gcc option to produce PIC
configure:9153: result: -fPIC -DPIC
configure:9161: checking if arm-linux-gcc PIC flag -fPIC -DPIC works
configure:9179: arm-linux-gcc -c -g -O2  -fPIC -DPIC -DPIC conftest.c >&5
configure:9183: $? = 0
configure:9196: result: yes
configure:9225: checking if arm-linux-gcc static flag -static works
configure:9253: result: yes
configure:9268: checking if arm-linux-gcc supports -c -o file.o
configure:9289: arm-linux-gcc -c -g -O2  -o out/conftest2.o conftest.c >&5
configure:9293: $? = 0
configure:9315: result: yes
configure:9323: checking if arm-linux-gcc supports -c -o file.o
configure:9370: result: yes
configure:9403: checking whether the arm-linux-gcc linker (/opt/FriendlyARM/toolschain/4.5.1/arm-none-linux-gnueabi/bin/ld) supports shared libraries
configure:10662: result: yes
configure:10699: checking whether -lc should be explicitly linked in
configure:10707: arm-linux-gcc -c -g -O2  conftest.c >&5
configure:10710: $? = 0
configure:10725: arm-linux-gcc -shared  -fPIC -DPIC conftest.o  -v -Wl,-soname -Wl,conftest -o conftest 2\>\&1 \| /bin/grep  -lc  \>/dev/null 2\>\&1
configure:10728: $? = 0
configure:10742: result: no
configure:10902: checking dynamic linker characteristics
configure:11483: arm-linux-gcc -o conftest -g -O2   -Wl,-rpath -Wl,/foo conftest.c  >&5
configure:11483: $? = 0
configure:11720: result: GNU/Linux ld.so
configure:11842: checking how to hardcode library paths into programs
configure:11867: result: immediate
configure:12415: checking whether stripping libraries is possible
configure:12420: result: yes
configure:12455: checking if libtool supports shared libraries
configure:12457: result: yes
configure:12460: checking whether to build shared libraries
configure:12485: result: yes
configure:12488: checking whether to build static libraries
configure:12492: result: no
configure:12531: checking if gcc/ld supports -Wl,--output-def
configure:12552: arm-linux-gcc -o conftest -g -O2  -Wl,--output-def,conftest.def conftest.c  >&5
/opt/FriendlyARM/toolschain/4.5.1/lib/gcc/arm-none-linux-gnueabi/4.5.1/../../../../arm-none-linux-gnueabi/bin/ld: unrecognized option '--output-def'
/opt/FriendlyARM/toolschain/4.5.1/lib/gcc/arm-none-linux-gnueabi/4.5.1/../../../../arm-none-linux-gnueabi/bin/ld: use the --help option for usage information
collect2: ld returned 1 exit status
configure:12552: $? = 1
configure: failed program was:
| /* confdefs.h */
| #define PACKAGE_NAME "ortp"
| #define PACKAGE_TARNAME "ortp"
| #define PACKAGE_VERSION "0.24.1"
| #define PACKAGE_STRING "ortp 0.24.1"
| #define PACKAGE_BUGREPORT ""
| #define PACKAGE_URL ""
| #define PACKAGE "ortp"
| #define VERSION "0.24.1"
| #define ORTP_MAJOR_VERSION 0
| #define ORTP_MINOR_VERSION 24
| #define ORTP_MICRO_VERSION 1
| #define ORTP_VERSION "0.24.1"
| #define STDC_HEADERS 1
| #define HAVE_SYS_TYPES_H 1
| #define HAVE_SYS_STAT_H 1
| #define HAVE_STDLIB_H 1
| #define HAVE_STRING_H 1
| #define HAVE_MEMORY_H 1
| #define HAVE_STRINGS_H 1
| #define HAVE_INTTYPES_H 1
| #define HAVE_STDINT_H 1
| #define HAVE_UNISTD_H 1
| #define HAVE_DLFCN_H 1
| #define LT_OBJDIR ".libs/"
| /* end confdefs.h.  */
| 
| int
| main ()
| {
| 
|   ;
|   return 0;
| }
configure:12563: result: no
configure:12575: checking warning make an error on compilation
configure:12733: checking for seteuid
configure:12733: arm-linux-gcc -o conftest -g -O2 -fno-strict-aliasing -Wall   conftest.c  >&5
configure:12733: $? = 0
configure:12733: result: yes
configure:12745: checking for arc4random
configure:12745: arm-linux-gcc -o conftest -g -O2 -fno-strict-aliasing -Wall   conftest.c  >&5
/tmp/ccclHVIL.o: In function `main':
/opt/ortp/ortp-0.24.1/conftest.c:63: undefined reference to `arc4random'
collect2: ld returned 1 exit status
configure:12745: $? = 1
configure: failed program was:
| /* confdefs.h */
| #define PACKAGE_NAME "ortp"
| #define PACKAGE_TARNAME "ortp"
| #define PACKAGE_VERSION "0.24.1"
| #define PACKAGE_STRING "ortp 0.24.1"
| #define PACKAGE_BUGREPORT ""
| #define PACKAGE_URL ""
| #define PACKAGE "ortp"
| #define VERSION "0.24.1"
| #define ORTP_MAJOR_VERSION 0
| #define ORTP_MINOR_VERSION 24
| #define ORTP_MICRO_VERSION 1
| #define ORTP_VERSION "0.24.1"
| #define STDC_HEADERS 1
| #define HAVE_SYS_TYPES_H 1
| #define HAVE_SYS_STAT_H 1
| #define HAVE_STDLIB_H 1
| #define HAVE_STRING_H 1
| #define HAVE_MEMORY_H 1
| #define HAVE_STRINGS_H 1
| #define HAVE_INTTYPES_H 1
| #define HAVE_STDINT_H 1
| #define HAVE_UNISTD_H 1
| #define HAVE_DLFCN_H 1
| #define LT_OBJDIR ".libs/"
| #define __APPLE_USE_RFC_2292 1
| #define HAVE_SETEUID 1
| /* end confdefs.h.  */
| /* Define arc4random to an innocuous variant, in case <limits.h> declares arc4random.
|    For example, HP-UX 11i <limits.h> declares gettimeofday.  */
| #define arc4random innocuous_arc4random
| 
| /* System header to define __stub macros and hopefully few prototypes,
|     which can conflict with char arc4random (); below.
|     Prefer <limits.h> to <assert.h> if __STDC__ is defined, since
|     <limits.h> exists even on freestanding compilers.  */
| 
| #ifdef __STDC__
| # include <limits.h>
| #else
| # include <assert.h>
| #endif
| 
| #undef arc4random
| 
| /* Override any GCC internal prototype to avoid an error.
|    Use char because int might match the return type of a GCC
|    builtin and then its argument prototype would still apply.  */
| #ifdef __cplusplus
| extern "C"
| #endif
| char arc4random ();
| /* The GNU C library defines this for functions which it implements
|     to always fail with ENOSYS.  Some functions are actually named
|     something starting with __ and the normal name is an alias.  */
| #if defined __stub_arc4random || defined __stub___arc4random
| choke me
| #endif
| 
| int
| main ()
| {
| return arc4random ();
|   ;
|   return 0;
| }
configure:12745: result: no
configure:12756: checking for pthread_mutex_init in -lpthread
configure:12781: arm-linux-gcc -o conftest -g -O2 -fno-strict-aliasing -Wall   conftest.c -lpthread   >&5
configure:12781: $? = 0
configure:12790: result: yes
configure:12823: checking for clock_gettime in -lrt
configure:12848: arm-linux-gcc -o conftest -g -O2 -fno-strict-aliasing -Wall   conftest.c -lrt   >&5
configure:12848: $? = 0
configure:12857: result: yes
configure:12900: checking for ANSI C header files
configure:13004: result: yes
configure:13015: checking poll.h usability
configure:13015: arm-linux-gcc -c -g -O2 -fno-strict-aliasing -Wall  conftest.c >&5
configure:13015: $? = 0
configure:13015: result: yes
configure:13015: checking poll.h presence
configure:13015: arm-linux-gcc -E  conftest.c
configure:13015: $? = 0
configure:13015: result: yes
configure:13015: checking for poll.h
configure:13015: result: yes
configure:13015: checking sys/poll.h usability
configure:13015: arm-linux-gcc -c -g -O2 -fno-strict-aliasing -Wall  conftest.c >&5
configure:13015: $? = 0
configure:13015: result: yes
configure:13015: checking sys/poll.h presence
configure:13015: arm-linux-gcc -E  conftest.c
configure:13015: $? = 0
configure:13015: result: yes
configure:13015: checking for sys/poll.h
configure:13015: result: yes
configure:13015: checking sys/uio.h usability
configure:13015: arm-linux-gcc -c -g -O2 -fno-strict-aliasing -Wall  conftest.c >&5
configure:13015: $? = 0
configure:13015: result: yes
configure:13015: checking sys/uio.h presence
configure:13015: arm-linux-gcc -E  conftest.c
configure:13015: $? = 0
configure:13015: result: yes
configure:13015: checking for sys/uio.h
configure:13015: result: yes
configure:13015: checking fcntl.h usability
configure:13015: arm-linux-gcc -c -g -O2 -fno-strict-aliasing -Wall  conftest.c >&5
configure:13015: $? = 0
configure:13015: result: yes
configure:13015: checking fcntl.h presence
configure:13015: arm-linux-gcc -E  conftest.c
configure:13015: $? = 0
configure:13015: result: yes
configure:13015: checking for fcntl.h
configure:13015: result: yes
configure:13015: checking sys/time.h usability
configure:13015: arm-linux-gcc -c -g -O2 -fno-strict-aliasing -Wall  conftest.c >&5
configure:13015: $? = 0
configure:13015: result: yes
configure:13015: checking sys/time.h presence
configure:13015: arm-linux-gcc -E  conftest.c
configure:13015: $? = 0
configure:13015: result: yes
configure:13015: checking for sys/time.h
configure:13015: result: yes
configure:13015: checking for unistd.h
configure:13015: result: yes
configure:13015: checking sys/audio.h usability
configure:13015: arm-linux-gcc -c -g -O2 -fno-strict-aliasing -Wall  conftest.c >&5
conftest.c:70:23: fatal error: sys/audio.h: No such file or directory
compilation terminated.
configure:13015: $? = 1
configure: failed program was:
| /* confdefs.h */
| #define PACKAGE_NAME "ortp"
| #define PACKAGE_TARNAME "ortp"
| #define PACKAGE_VERSION "0.24.1"
| #define PACKAGE_STRING "ortp 0.24.1"
| #define PACKAGE_BUGREPORT ""
| #define PACKAGE_URL ""
| #define PACKAGE "ortp"
| #define VERSION "0.24.1"
| #define ORTP_MAJOR_VERSION 0
| #define ORTP_MINOR_VERSION 24
| #define ORTP_MICRO_VERSION 1
| #define ORTP_VERSION "0.24.1"
| #define STDC_HEADERS 1
| #define HAVE_SYS_TYPES_H 1
| #define HAVE_SYS_STAT_H 1
| #define HAVE_STDLIB_H 1
| #define HAVE_STRING_H 1
| #define HAVE_MEMORY_H 1
| #define HAVE_STRINGS_H 1
| #define HAVE_INTTYPES_H 1
| #define HAVE_STDINT_H 1
| #define HAVE_UNISTD_H 1
| #define HAVE_DLFCN_H 1
| #define LT_OBJDIR ".libs/"
| #define __APPLE_USE_RFC_2292 1
| #define HAVE_SETEUID 1
| #define ORTP_DEFAULT_THREAD_STACK_SIZE 0
| #define STDC_HEADERS 1
| #define HAVE_POLL_H 1
| #define HAVE_SYS_POLL_H 1
| #define HAVE_SYS_UIO_H 1
| #define HAVE_FCNTL_H 1
| #define HAVE_SYS_TIME_H 1
| #define HAVE_UNISTD_H 1
| /* end confdefs.h.  */
| #include <stdio.h>
| #ifdef HAVE_SYS_TYPES_H
| # include <sys/types.h>
| #endif
| #ifdef HAVE_SYS_STAT_H
| # include <sys/stat.h>
| #endif
| #ifdef STDC_HEADERS
| # include <stdlib.h>
| # include <stddef.h>
| #else
| # ifdef HAVE_STDLIB_H
| #  include <stdlib.h>
| # endif
| #endif
| #ifdef HAVE_STRING_H
| # if !defined STDC_HEADERS && defined HAVE_MEMORY_H
| #  include <memory.h>
| # endif
| # include <string.h>
| #endif
| #ifdef HAVE_STRINGS_H
| # include <strings.h>
| #endif
| #ifdef HAVE_INTTYPES_H
| # include <inttypes.h>
| #endif
| #ifdef HAVE_STDINT_H
| # include <stdint.h>
| #endif
| #ifdef HAVE_UNISTD_H
| # include <unistd.h>
| #endif
| #include <sys/audio.h>
configure:13015: result: no
configure:13015: checking sys/audio.h presence
configure:13015: arm-linux-gcc -E  conftest.c
conftest.c:37:23: fatal error: sys/audio.h: No such file or directory
compilation terminated.
configure:13015: $? = 1
configure: failed program was:
| /* confdefs.h */
| #define PACKAGE_NAME "ortp"
| #define PACKAGE_TARNAME "ortp"
| #define PACKAGE_VERSION "0.24.1"
| #define PACKAGE_STRING "ortp 0.24.1"
| #define PACKAGE_BUGREPORT ""
| #define PACKAGE_URL ""
| #define PACKAGE "ortp"
| #define VERSION "0.24.1"
| #define ORTP_MAJOR_VERSION 0
| #define ORTP_MINOR_VERSION 24
| #define ORTP_MICRO_VERSION 1
| #define ORTP_VERSION "0.24.1"
| #define STDC_HEADERS 1
| #define HAVE_SYS_TYPES_H 1
| #define HAVE_SYS_STAT_H 1
| #define HAVE_STDLIB_H 1
| #define HAVE_STRING_H 1
| #define HAVE_MEMORY_H 1
| #define HAVE_STRINGS_H 1
| #define HAVE_INTTYPES_H 1
| #define HAVE_STDINT_H 1
| #define HAVE_UNISTD_H 1
| #define HAVE_DLFCN_H 1
| #define LT_OBJDIR ".libs/"
| #define __APPLE_USE_RFC_2292 1
| #define HAVE_SETEUID 1
| #define ORTP_DEFAULT_THREAD_STACK_SIZE 0
| #define STDC_HEADERS 1
| #define HAVE_POLL_H 1
| #define HAVE_SYS_POLL_H 1
| #define HAVE_SYS_UIO_H 1
| #define HAVE_FCNTL_H 1
| #define HAVE_SYS_TIME_H 1
| #define HAVE_UNISTD_H 1
| /* end confdefs.h.  */
| #include <sys/audio.h>
configure:13015: result: no
configure:13015: checking for sys/audio.h
configure:13015: result: no
configure:13015: checking linux/soundcard.h usability
configure:13015: arm-linux-gcc -c -g -O2 -fno-strict-aliasing -Wall  conftest.c >&5
configure:13015: $? = 0
configure:13015: result: yes
configure:13015: checking linux/soundcard.h presence
configure:13015: arm-linux-gcc -E  conftest.c
configure:13015: $? = 0
configure:13015: result: yes
configure:13015: checking for linux/soundcard.h
configure:13015: result: yes
configure:13015: checking sys/shm.h usability
configure:13015: arm-linux-gcc -c -g -O2 -fno-strict-aliasing -Wall  conftest.c >&5
configure:13015: $? = 0
configure:13015: result: yes
configure:13015: checking sys/shm.h presence
configure:13015: arm-linux-gcc -E  conftest.c
configure:13015: $? = 0
configure:13015: result: yes
configure:13015: checking for sys/shm.h
configure:13015: result: yes
configure:13026: checking for an ANSI C-conforming const
configure:13092: arm-linux-gcc -c -g -O2 -fno-strict-aliasing -Wall  conftest.c >&5
configure:13092: $? = 0
configure:13099: result: yes
configure:13107: checking for inline
configure:13123: arm-linux-gcc -c -g -O2 -fno-strict-aliasing -Wall  conftest.c >&5
configure:13123: $? = 0
configure:13131: result: inline
configure:13149: checking whether time.h and sys/time.h may both be included
configure:13169: arm-linux-gcc -c -g -O2 -fno-strict-aliasing -Wall  conftest.c >&5
configure:13169: $? = 0
configure:13176: result: yes
configure:13184: checking whether byte ordering is bigendian
configure:13199: arm-linux-gcc -c -g -O2 -fno-strict-aliasing -Wall  conftest.c >&5
conftest.c:41:13: error: expected '=', ',', ';', 'asm' or '__attribute__' before 'a'
configure:13199: $? = 1
configure: failed program was:
| /* confdefs.h */
| #define PACKAGE_NAME "ortp"
| #define PACKAGE_TARNAME "ortp"
| #define PACKAGE_VERSION "0.24.1"
| #define PACKAGE_STRING "ortp 0.24.1"
| #define PACKAGE_BUGREPORT ""
| #define PACKAGE_URL ""
| #define PACKAGE "ortp"
| #define VERSION "0.24.1"
| #define ORTP_MAJOR_VERSION 0
| #define ORTP_MINOR_VERSION 24
| #define ORTP_MICRO_VERSION 1
| #define ORTP_VERSION "0.24.1"
| #define STDC_HEADERS 1
| #define HAVE_SYS_TYPES_H 1
| #define HAVE_SYS_STAT_H 1
| #define HAVE_STDLIB_H 1
| #define HAVE_STRING_H 1
| #define HAVE_MEMORY_H 1
| #define HAVE_STRINGS_H 1
| #define HAVE_INTTYPES_H 1
| #define HAVE_STDINT_H 1
| #define HAVE_UNISTD_H 1
| #define HAVE_DLFCN_H 1
| #define LT_OBJDIR ".libs/"
| #define __APPLE_USE_RFC_2292 1
| #define HAVE_SETEUID 1
| #define ORTP_DEFAULT_THREAD_STACK_SIZE 0
| #define STDC_HEADERS 1
| #define HAVE_POLL_H 1
| #define HAVE_SYS_POLL_H 1
| #define HAVE_SYS_UIO_H 1
| #define HAVE_FCNTL_H 1
| #define HAVE_SYS_TIME_H 1
| #define HAVE_UNISTD_H 1
| #define HAVE_LINUX_SOUNDCARD_H 1
| #define HAVE_SYS_SHM_H 1
| #define TIME_WITH_SYS_TIME 1
| /* end confdefs.h.  */
| #ifndef __APPLE_CC__
| 	       not a universal capable compiler
| 	     #endif
| 	     typedef int dummy;
| 
configure:13244: arm-linux-gcc -c -g -O2 -fno-strict-aliasing -Wall  conftest.c >&5
configure:13244: $? = 0
configure:13262: arm-linux-gcc -c -g -O2 -fno-strict-aliasing -Wall  conftest.c >&5
conftest.c: In function 'main':
conftest.c:47:4: error: 'not' undeclared (first use in this function)
conftest.c:47:4: note: each undeclared identifier is reported only once for each function it appears in
conftest.c:47:8: error: expected ';' before 'big'
configure:13262: $? = 1
configure: failed program was:
| /* confdefs.h */
| #define PACKAGE_NAME "ortp"
| #define PACKAGE_TARNAME "ortp"
| #define PACKAGE_VERSION "0.24.1"
| #define PACKAGE_STRING "ortp 0.24.1"
| #define PACKAGE_BUGREPORT ""
| #define PACKAGE_URL ""
| #define PACKAGE "ortp"
| #define VERSION "0.24.1"
| #define ORTP_MAJOR_VERSION 0
| #define ORTP_MINOR_VERSION 24
| #define ORTP_MICRO_VERSION 1
| #define ORTP_VERSION "0.24.1"
| #define STDC_HEADERS 1
| #define HAVE_SYS_TYPES_H 1
| #define HAVE_SYS_STAT_H 1
| #define HAVE_STDLIB_H 1
| #define HAVE_STRING_H 1
| #define HAVE_MEMORY_H 1
| #define HAVE_STRINGS_H 1
| #define HAVE_INTTYPES_H 1
| #define HAVE_STDINT_H 1
| #define HAVE_UNISTD_H 1
| #define HAVE_DLFCN_H 1
| #define LT_OBJDIR ".libs/"
| #define __APPLE_USE_RFC_2292 1
| #define HAVE_SETEUID 1
| #define ORTP_DEFAULT_THREAD_STACK_SIZE 0
| #define STDC_HEADERS 1
| #define HAVE_POLL_H 1
| #define HAVE_SYS_POLL_H 1
| #define HAVE_SYS_UIO_H 1
| #define HAVE_FCNTL_H 1
| #define HAVE_SYS_TIME_H 1
| #define HAVE_UNISTD_H 1
| #define HAVE_LINUX_SOUNDCARD_H 1
| #define HAVE_SYS_SHM_H 1
| #define TIME_WITH_SYS_TIME 1
| /* end confdefs.h.  */
| #include <sys/types.h>
| 		#include <sys/param.h>
| 
| int
| main ()
| {
| #if BYTE_ORDER != BIG_ENDIAN
| 		 not big endian
| 		#endif
| 
|   ;
|   return 0;
| }
configure:13390: result: no
configure:13415: checking for select
configure:13415: arm-linux-gcc -o conftest -g -O2 -fno-strict-aliasing -Wall   conftest.c  >&5
configure:13415: $? = 0
configure:13415: result: yes
configure:13415: checking for socket
configure:13415: arm-linux-gcc -o conftest -g -O2 -fno-strict-aliasing -Wall   conftest.c  >&5
configure:13415: $? = 0
configure:13415: result: yes
configure:13415: checking for strerror
configure:13415: arm-linux-gcc -o conftest -g -O2 -fno-strict-aliasing -Wall   conftest.c  >&5
configure:13415: $? = 0
configure:13415: result: yes
configure:13589: checking for doxygen
configure:13617: result: false
configure:13638: checking for epm
configure:13669: result: false
configure:13679: checking for mkepmlist
configure:13710: result: false
configure:13720: checking for epminstall
configure:13751: result: false
configure:13938: checking that generated files are newer than configure
configure:13944: result: done
configure:13988: creating ./config.status

## ---------------------- ##
## Running config.status. ##
## ---------------------- ##

This file was extended by ortp config.status 0.24.1, which was
generated by GNU Autoconf 2.69.  Invocation command line was

  CONFIG_FILES    = 
  CONFIG_HEADERS  = 
  CONFIG_LINKS    = 
  CONFIG_COMMANDS = 
  $ ./config.status 

on wang-virtual-machine

config.status:1165: creating Makefile
config.status:1165: creating include/Makefile
config.status:1165: creating include/ortp/Makefile
config.status:1165: creating m4/Makefile
config.status:1165: creating src/Makefile
config.status:1165: creating src/tests/Makefile
config.status:1165: creating src/tests/win_receiver/Makefile
config.status:1165: creating src/tests/win_sender/Makefile
config.status:1165: creating build/Makefile
config.status:1165: creating build/win32native/Makefile
config.status:1165: creating build/wince/Makefile
config.status:1165: creating build/winmob/Makefile
config.status:1165: creating ortp.pc
config.status:1165: creating ortp.spec
config.status:1165: creating ortp.doxygen
config.status:1165: creating ortp-config.h
config.status:1394: executing depfiles commands
config.status:1394: executing libtool commands
config.status:1394: executing libtool-hacking commands

## ---------------- ##
## Cache variables. ##
## ---------------- ##

ac_cv_build=i686-pc-linux-gnu
ac_cv_c_bigendian=no
ac_cv_c_compiler_gnu=yes
ac_cv_c_const=yes
ac_cv_c_inline=inline
ac_cv_env_CC_set=
ac_cv_env_CC_value=
ac_cv_env_CFLAGS_set=
ac_cv_env_CFLAGS_value=
ac_cv_env_CPPFLAGS_set=
ac_cv_env_CPPFLAGS_value=
ac_cv_env_CPP_set=
ac_cv_env_CPP_value=
ac_cv_env_LDFLAGS_set=
ac_cv_env_LDFLAGS_value=
ac_cv_env_LIBS_set=
ac_cv_env_LIBS_value=
ac_cv_env_LT_SYS_LIBRARY_PATH_set=
ac_cv_env_LT_SYS_LIBRARY_PATH_value=
ac_cv_env_build_alias_set=
ac_cv_env_build_alias_value=
ac_cv_env_host_alias_set=set
ac_cv_env_host_alias_value=arm-linux
ac_cv_env_target_alias_set=
ac_cv_env_target_alias_value=
ac_cv_func_arc4random=no
ac_cv_func_select=yes
ac_cv_func_seteuid=yes
ac_cv_func_socket=yes
ac_cv_func_strerror=yes
ac_cv_header_dlfcn_h=yes
ac_cv_header_fcntl_h=yes
ac_cv_header_inttypes_h=yes
ac_cv_header_linux_soundcard_h=yes
ac_cv_header_memory_h=yes
ac_cv_header_poll_h=yes
ac_cv_header_stdc=yes
ac_cv_header_stdint_h=yes
ac_cv_header_stdlib_h=yes
ac_cv_header_string_h=yes
ac_cv_header_strings_h=yes
ac_cv_header_sys_audio_h=no
ac_cv_header_sys_poll_h=yes
ac_cv_header_sys_shm_h=yes
ac_cv_header_sys_stat_h=yes
ac_cv_header_sys_time_h=yes
ac_cv_header_sys_types_h=yes
ac_cv_header_sys_uio_h=yes
ac_cv_header_time=yes
ac_cv_header_unistd_h=yes
ac_cv_host=arm-unknown-linux-gnu
ac_cv_lib_pthread_pthread_mutex_init=yes
ac_cv_lib_rt_clock_gettime=yes
ac_cv_objext=o
ac_cv_path_EGREP='/bin/grep -E'
ac_cv_path_EPM=false
ac_cv_path_EPMINSTALL=false
ac_cv_path_FGREP='/bin/grep -F'
ac_cv_path_GREP=/bin/grep
ac_cv_path_MKEPMLIST=false
ac_cv_path_SED=/bin/sed
ac_cv_path_install='/usr/bin/install -c'
ac_cv_path_lt_DD=/bin/dd
ac_cv_path_mkdir=/bin/mkdir
ac_cv_prog_AR=arm-linux-ar
ac_cv_prog_AWK=mawk
ac_cv_prog_CC=arm-linux-gcc
ac_cv_prog_CPP='arm-linux-gcc -E'
ac_cv_prog_DOXYGEN=false
ac_cv_prog_OBJDUMP=arm-linux-objdump
ac_cv_prog_RANLIB=arm-linux-ranlib
ac_cv_prog_STRIP=arm-linux-strip
ac_cv_prog_ac_ct_MANIFEST_TOOL=mt
ac_cv_prog_cc_c89=
ac_cv_prog_cc_g=yes
ac_cv_prog_make_make_set=yes
ac_cv_target=arm-unknown-linux-gnu
am_cv_CC_dependencies_compiler_type=gcc3
am_cv_make_support_nested_variables=yes
am_cv_prog_cc_c_o=yes
am_cv_prog_tar_ustar=gnutar
gl_cv_ld_output_def=no
lt_cv_ar_at_file=@
lt_cv_archive_cmds_need_lc=no
lt_cv_deplibs_check_method=pass_all
lt_cv_file_magic_cmd='$MAGIC_CMD'
lt_cv_file_magic_test_file=
lt_cv_ld_reload_flag=-r
lt_cv_nm_interface='BSD nm'
lt_cv_objdir=.libs
lt_cv_path_LD=/opt/FriendlyARM/toolschain/4.5.1/arm-none-linux-gnueabi/bin/ld
lt_cv_path_NM='/opt/FriendlyARM/toolschain/4.5.1/bin/arm-linux-nm -B'
lt_cv_path_mainfest_tool=no
lt_cv_prog_compiler_c_o=yes
lt_cv_prog_compiler_pic='-fPIC -DPIC'
lt_cv_prog_compiler_pic_works=yes
lt_cv_prog_compiler_rtti_exceptions=no
lt_cv_prog_compiler_static_works=yes
lt_cv_prog_gnu_ld=yes
lt_cv_sharedlib_from_linklib_cmd='printf %s\n'
lt_cv_shlibpath_overrides_runpath=yes
lt_cv_sys_global_symbol_pipe='sed -n -e '\''s/^.*[	 ]\([ABCDGIRSTW][ABCDGIRSTW]*\)[	 ][	 ]*\([_A-Za-z][_A-Za-z0-9]*\)$/\1 \2 \2/p'\'' | sed '\''/ __gnu_lto/d'\'''
lt_cv_sys_global_symbol_to_c_name_address='sed -n -e '\''s/^: \(.*\) .*$/  {"\1", (void *) 0},/p'\'' -e '\''s/^[ABCDGIRSTW][ABCDGIRSTW]* .* \(.*\)$/  {"\1", (void *) \&\1},/p'\'''
lt_cv_sys_global_symbol_to_c_name_address_lib_prefix='sed -n -e '\''s/^: \(.*\) .*$/  {"\1", (void *) 0},/p'\'' -e '\''s/^[ABCDGIRSTW][ABCDGIRSTW]* .* \(lib.*\)$/  {"\1", (void *) \&\1},/p'\'' -e '\''s/^[ABCDGIRSTW][ABCDGIRSTW]* .* \(.*\)$/  {"lib\1", (void *) \&\1},/p'\'''
lt_cv_sys_global_symbol_to_cdecl='sed -n -e '\''s/^T .* \(.*\)$/extern int \1();/p'\'' -e '\''s/^[ABCDGIRSTW][ABCDGIRSTW]* .* \(.*\)$/extern char \1;/p'\'''
lt_cv_sys_global_symbol_to_import=
lt_cv_sys_max_cmd_len=1572864
lt_cv_to_host_file_cmd=func_convert_file_noop
lt_cv_to_tool_file_cmd=func_convert_file_noop
lt_cv_truncate_bin='/bin/dd bs=4096 count=1'

## ----------------- ##
## Output variables. ##
## ----------------- ##

ACLOCAL='${SHELL} /opt/ortp/ortp-0.24.1/missing aclocal-1.15'
AMDEPBACKSLASH='\'
AMDEP_FALSE='#'
AMDEP_TRUE=''
AMTAR='$${TAR-tar}'
AM_BACKSLASH='\'
AM_DEFAULT_V='$(AM_DEFAULT_VERBOSITY)'
AM_DEFAULT_VERBOSITY='0'
AM_V='$(V)'
AR='arm-linux-ar'
ARCH='arm'
AS='as'
AUTOCONF='${SHELL} /opt/ortp/ortp-0.24.1/missing autoconf'
AUTOHEADER='${SHELL} /opt/ortp/ortp-0.24.1/missing autoheader'
AUTOMAKE='${SHELL} /opt/ortp/ortp-0.24.1/missing automake-1.15'
AWK='mawk'
BUILD_WIN32_FALSE=''
BUILD_WIN32_TRUE='#'
CC='arm-linux-gcc'
CCDEPMODE='depmode=gcc3'
CFLAGS='-g -O2 -fno-strict-aliasing -Wall '
CPP='arm-linux-gcc -E'
CPPFLAGS=''
CYGPATH_W='echo'
DEFS='-DHAVE_CONFIG_H'
DEPDIR='.deps'
DLLTOOL='false'
DOXYGEN='false'
DSYMUTIL=''
DUMPBIN=''
ECHO_C=''
ECHO_N='-n'
ECHO_T=''
EGREP='/bin/grep -E'
ENABLE_TESTS_FALSE=''
ENABLE_TESTS_TRUE='#'
EPM='false'
EPMINSTALL='false'
EPM_PKG_EXT='deb'
EXEEXT=''
FGREP='/bin/grep -F'
GREP='/bin/grep'
HAVE_DOXYGEN_FALSE=''
HAVE_DOXYGEN_TRUE='#'
HAVE_LD_OUTPUT_DEF_FALSE=''
HAVE_LD_OUTPUT_DEF_TRUE='#'
INSTALL_DATA='${INSTALL} -m 644'
INSTALL_PROGRAM='${INSTALL}'
INSTALL_SCRIPT='${INSTALL}'
INSTALL_STRIP_PROGRAM='$(install_sh) -c -s'
LD='/opt/FriendlyARM/toolschain/4.5.1/arm-none-linux-gnueabi/bin/ld'
LDFLAGS=''
LIBOBJS=''
LIBORTP_SO_CURRENT='9'
LIBORTP_SO_VERSION='9:0:0'
LIBS=''
LIBTOOL='$(SHELL) $(top_builddir)/libtool'
LICENSE='LGPL'
LIPO=''
LN_S='ln -s'
LTLIBOBJS=''
LT_SYS_LIBRARY_PATH=''
MAKEINFO='${SHELL} /opt/ortp/ortp-0.24.1/missing makeinfo'
MANIFEST_TOOL=':'
MKDIR_P='/bin/mkdir -p'
MKEPMLIST='false'
NM='/opt/FriendlyARM/toolschain/4.5.1/bin/arm-linux-nm -B'
NMEDIT=''
OBJDUMP='arm-linux-objdump'
OBJEXT='o'
ORTPDEPS_CFLAGS=' -D_REENTRANT '
ORTPDEPS_LDFLAGS=''
ORTPDEPS_LIBS=' -lpthread  -lrt '
ORTP_PKGCONFIG_VERSION='0.24.1'
ORTP_VERSION='0.24.1'
OTOOL64=''
OTOOL=''
PACKAGE='ortp'
PACKAGER='anonymous'
PACKAGE_BUGREPORT=''
PACKAGE_NAME='ortp'
PACKAGE_STRING='ortp 0.24.1'
PACKAGE_TARNAME='ortp'
PACKAGE_URL=''
PACKAGE_VERSION='0.24.1'
PATH_SEPARATOR=':'
PTHREAD_CFLAGS='-D_REENTRANT'
PTHREAD_LDFLAGS=''
PTHREAD_LIBS='-lpthread'
RANLIB='arm-linux-ranlib'
RELEASE='1'
RT_LIBS='-lrt'
SED='/bin/sed'
SET_MAKE=''
SHELL='/bin/bash'
SSL_LIBS=''
STRICT_OPTIONS='-Wall -Wuninitialized -Werror'
STRICT_OPTIONS_CC='-Wdeclaration-after-statement '
STRICT_OPTIONS_CXX=''
STRIP='arm-linux-strip'
SUMMARY='An LGPL implementation of RTP - RFC3550'
SYS_GROUP='root'
SYS_USER='root'
VENDOR='Linphone'
VERSION='0.24.1'
WITH_EPM_FALSE=''
WITH_EPM_TRUE='#'
ac_ct_AR=''
ac_ct_CC=''
ac_ct_DUMPBIN=''
am__EXEEXT_FALSE=''
am__EXEEXT_TRUE='#'
am__fastdepCC_FALSE='#'
am__fastdepCC_TRUE=''
am__include='include'
am__isrc=''
am__leading_dot='.'
am__nodep='_no'
am__quote=''
am__tar='tar --format=ustar -chf - "$$tardir"'
am__untar='tar -xf -'
bindir='${exec_prefix}/bin'
build='i686-pc-linux-gnu'
build_alias=''
build_cpu='i686'
build_os='linux-gnu'
build_vendor='pc'
datadir='${datarootdir}'
datarootdir='${prefix}/share'
docdir='${datarootdir}/doc'
dvidir='${docdir}'
exec_prefix='${prefix}'
host='arm-unknown-linux-gnu'
host_alias='arm-linux'
host_cpu='arm'
host_os='linux-gnu'
host_vendor='unknown'
htmldir='${docdir}'
includedir='${prefix}/include'
infodir='${datarootdir}/info'
install_sh='${SHELL} /opt/ortp/ortp-0.24.1/install-sh'
libdir='${exec_prefix}/lib'
libexecdir='${exec_prefix}/libexec'
localedir='${datarootdir}/locale'
localstatedir='${prefix}/var'
mandir='${datarootdir}/man'
mkdir_p='$(MKDIR_P)'
oldincludedir='/usr/include'
pdfdir='${docdir}'
prefix='/opt/ortp'
program_transform_name='s,x,x,'
psdir='${docdir}'
sbindir='${exec_prefix}/sbin'
sharedstatedir='${prefix}/com'
sysconfdir='${prefix}/etc'
target='arm-unknown-linux-gnu'
target_alias=''
target_cpu='arm'
target_os='linux-gnu'
target_vendor='unknown'

## ----------- ##
## confdefs.h. ##
## ----------- ##

/* confdefs.h */
#define PACKAGE_NAME "ortp"
#define PACKAGE_TARNAME "ortp"
#define PACKAGE_VERSION "0.24.1"
#define PACKAGE_STRING "ortp 0.24.1"
#define PACKAGE_BUGREPORT ""
#define PACKAGE_URL ""
#define PACKAGE "ortp"
#define VERSION "0.24.1"
#define ORTP_MAJOR_VERSION 0
#define ORTP_MINOR_VERSION 24
#define ORTP_MICRO_VERSION 1
#define ORTP_VERSION "0.24.1"
#define STDC_HEADERS 1
#define HAVE_SYS_TYPES_H 1
#define HAVE_SYS_STAT_H 1
#define HAVE_STDLIB_H 1
#define HAVE_STRING_H 1
#define HAVE_MEMORY_H 1
#define HAVE_STRINGS_H 1
#define HAVE_INTTYPES_H 1
#define HAVE_STDINT_H 1
#define HAVE_UNISTD_H 1
#define HAVE_DLFCN_H 1
#define LT_OBJDIR ".libs/"
#define __APPLE_USE_RFC_2292 1
#define HAVE_SETEUID 1
#define ORTP_DEFAULT_THREAD_STACK_SIZE 0
#define STDC_HEADERS 1
#define HAVE_POLL_H 1
#define HAVE_SYS_POLL_H 1
#define HAVE_SYS_UIO_H 1
#define HAVE_FCNTL_H 1
#define HAVE_SYS_TIME_H 1
#define HAVE_UNISTD_H 1
#define HAVE_LINUX_SOUNDCARD_H 1
#define HAVE_SYS_SHM_H 1
#define TIME_WITH_SYS_TIME 1
#define HAVE_SELECT 1
#define HAVE_SOCKET 1
#define HAVE_STRERROR 1
#define POSIXTIMER_INTERVAL 10000

configure: exit 0
